03-14 14:45:03 com_github_MitjaNemec_Archive3DModels.action_archive_3d_models 238:Plugin executed on: 'win32'
03-14 14:45:03 com_github_MitjaNemec_Archive3DModels.action_archive_3d_models 239:Plugin executed with python version: '3.11.5 (main, Nov  6 2025, 07:48:09) [MSC v.1944 64 bit (AMD64)]'
03-14 14:45:03 com_github_MitjaNemec_Archive3DModels.action_archive_3d_models 240:KiCad build version: 9.0.7
03-14 14:45:03 com_github_MitjaNemec_Archive3DModels.action_archive_3d_models 241:Plugin version: 1.0.15
03-14 14:45:03 com_github_MitjaNemec_Archive3DModels.action_archive_3d_models 246:Screen sizes: [wx.Size(1920, 1200), wx.Size(3840, 2160)]
03-14 14:45:03 com_github_MitjaNemec_Archive3DModels.action_archive_3d_models 253:Dialog size: wx.Size(213, 81)
03-14 14:45:03 com_github_MitjaNemec_Archive3DModels.action_archive_3d_models 255:Char size: 25
03-14 14:45:04 com_github_MitjaNemec_Archive3DModels.archive_3d_models 30:Starting to archive 3D models
03-14 14:45:04 com_github_MitjaNemec_Archive3DModels.archive_3d_models 51:Getting 3D models for footprint of: J5
03-14 14:45:04 com_github_MitjaNemec_Archive3DModels.archive_3d_models 63:Trying to copy: ${KIPRJMOD}/packages3D/PinHeader_6X1_right.stp
03-14 14:45:04 com_github_MitjaNemec_Archive3DModels.archive_3d_models 150:Remapping: ${KIPRJMOD}/packages3D/PinHeader_6X1_right.stp
03-14 14:45:04 com_github_MitjaNemec_Archive3DModels.archive_3d_models 63:Trying to copy: ${KIPRJMOD}/packages3D/Microchip - PICkit3.stp
03-14 14:45:04 com_github_MitjaNemec_Archive3DModels.archive_3d_models 150:Remapping: ${KIPRJMOD}/packages3D/Microchip - PICkit3.stp
03-14 14:45:04 com_github_MitjaNemec_Archive3DModels.archive_3d_models 51:Getting 3D models for footprint of: C1
03-14 14:45:04 com_github_MitjaNemec_Archive3DModels.archive_3d_models 63:Trying to copy: ${KIPRJMOD}/packages3D/C_0805_2012Metric.wrl
03-14 14:45:04 com_github_MitjaNemec_Archive3DModels.archive_3d_models 150:Remapping: ${KIPRJMOD}/packages3D/C_0805_2012Metric.wrl
03-14 14:45:04 com_github_MitjaNemec_Archive3DModels.archive_3d_models 51:Getting 3D models for footprint of: J3
03-14 14:45:04 com_github_MitjaNemec_Archive3DModels.archive_3d_models 63:Trying to copy: ${KIPRJMOD}/packages3D/PinHeader_1x03_P2.54mm_Vertical.wrl
03-14 14:45:04 com_github_MitjaNemec_Archive3DModels.archive_3d_models 150:Remapping: ${KIPRJMOD}/packages3D/PinHeader_1x03_P2.54mm_Vertical.wrl
03-14 14:45:04 com_github_MitjaNemec_Archive3DModels.archive_3d_models 63:Trying to copy: ${KIPRJMOD}/packages3D/3-Pin Header - Female - 2.54mm.step
03-14 14:45:04 com_github_MitjaNemec_Archive3DModels.archive_3d_models 150:Remapping: ${KIPRJMOD}/packages3D/3-Pin Header - Female - 2.54mm.step
03-14 14:45:04 com_github_MitjaNemec_Archive3DModels.archive_3d_models 51:Getting 3D models for footprint of: REF**
03-14 14:45:04 com_github_MitjaNemec_Archive3DModels.archive_3d_models 51:Getting 3D models for footprint of: C2
03-14 14:45:04 com_github_MitjaNemec_Archive3DModels.archive_3d_models 63:Trying to copy: ${KIPRJMOD}/packages3D/CP_EIA-3216-18_Kemet-A.wrl
03-14 14:45:04 com_github_MitjaNemec_Archive3DModels.archive_3d_models 150:Remapping: ${KIPRJMOD}/packages3D/CP_EIA-3216-18_Kemet-A.wrl
03-14 14:45:04 com_github_MitjaNemec_Archive3DModels.archive_3d_models 51:Getting 3D models for footprint of: J4
03-14 14:45:04 com_github_MitjaNemec_Archive3DModels.archive_3d_models 63:Trying to copy: ${KIPRJMOD}/packages3D/PinHeader_1x06_P2.54mm_Vertical.wrl
03-14 14:45:04 com_github_MitjaNemec_Archive3DModels.archive_3d_models 150:Remapping: ${KIPRJMOD}/packages3D/PinHeader_1x06_P2.54mm_Vertical.wrl
03-14 14:45:04 com_github_MitjaNemec_Archive3DModels.archive_3d_models 63:Trying to copy: ${KIPRJMOD}/packages3D/6-Pin Header - Female - 2.54mm.step
03-14 14:45:04 com_github_MitjaNemec_Archive3DModels.archive_3d_models 150:Remapping: ${KIPRJMOD}/packages3D/6-Pin Header - Female - 2.54mm.step
03-14 14:45:04 com_github_MitjaNemec_Archive3DModels.archive_3d_models 51:Getting 3D models for footprint of: J9
03-14 14:45:04 com_github_MitjaNemec_Archive3DModels.archive_3d_models 63:Trying to copy: ${KIPRJMOD}/packages3D/PinHeader_1x08_P2.54mm_Vertical.wrl
03-14 14:45:04 com_github_MitjaNemec_Archive3DModels.archive_3d_models 150:Remapping: ${KIPRJMOD}/packages3D/PinHeader_1x08_P2.54mm_Vertical.wrl
03-14 14:45:04 com_github_MitjaNemec_Archive3DModels.archive_3d_models 63:Trying to copy: ${KIPRJMOD}/packages3D/8-Pin Header - Female - 2.54mm.step
03-14 14:45:04 com_github_MitjaNemec_Archive3DModels.archive_3d_models 150:Remapping: ${KIPRJMOD}/packages3D/8-Pin Header - Female - 2.54mm.step
03-14 14:45:04 com_github_MitjaNemec_Archive3DModels.archive_3d_models 51:Getting 3D models for footprint of: TACTIL_SWITCH1
03-14 14:45:04 com_github_MitjaNemec_Archive3DModels.archive_3d_models 63:Trying to copy: ${KIPRJMOD}/packages3D/Tactal Switch - SMD 6x6x6.stp
03-14 14:45:04 com_github_MitjaNemec_Archive3DModels.archive_3d_models 150:Remapping: ${KIPRJMOD}/packages3D/Tactal Switch - SMD 6x6x6.stp
03-14 14:45:04 com_github_MitjaNemec_Archive3DModels.archive_3d_models 51:Getting 3D models for footprint of: U1
03-14 14:45:04 com_github_MitjaNemec_Archive3DModels.archive_3d_models 63:Trying to copy: ${KIPRJMOD}/packages3D/TQFP-44_10x10mm_P0.8mm.wrl
03-14 14:45:04 com_github_MitjaNemec_Archive3DModels.archive_3d_models 150:Remapping: ${KIPRJMOD}/packages3D/TQFP-44_10x10mm_P0.8mm.wrl
03-14 14:45:04 com_github_MitjaNemec_Archive3DModels.archive_3d_models 51:Getting 3D models for footprint of: G***
03-14 14:45:04 com_github_MitjaNemec_Archive3DModels.archive_3d_models 51:Getting 3D models for footprint of: C3
03-14 14:45:04 com_github_MitjaNemec_Archive3DModels.archive_3d_models 63:Trying to copy: ${KIPRJMOD}/packages3D/C_0805_2012Metric.wrl
03-14 14:45:04 com_github_MitjaNemec_Archive3DModels.archive_3d_models 150:Remapping: ${KIPRJMOD}/packages3D/C_0805_2012Metric.wrl
03-14 14:45:04 com_github_MitjaNemec_Archive3DModels.archive_3d_models 51:Getting 3D models for footprint of: R3
03-14 14:45:04 com_github_MitjaNemec_Archive3DModels.archive_3d_models 63:Trying to copy: ${KIPRJMOD}/packages3D/R_1206_3216Metric.wrl
03-14 14:45:04 com_github_MitjaNemec_Archive3DModels.archive_3d_models 150:Remapping: ${KIPRJMOD}/packages3D/R_1206_3216Metric.wrl
03-14 14:45:04 com_github_MitjaNemec_Archive3DModels.archive_3d_models 51:Getting 3D models for footprint of: J8
03-14 14:45:04 com_github_MitjaNemec_Archive3DModels.archive_3d_models 63:Trying to copy: ${KIPRJMOD}/packages3D/PinHeader_1x04_P2.54mm_Vertical.wrl
03-14 14:45:04 com_github_MitjaNemec_Archive3DModels.archive_3d_models 150:Remapping: ${KIPRJMOD}/packages3D/PinHeader_1x04_P2.54mm_Vertical.wrl
03-14 14:45:04 com_github_MitjaNemec_Archive3DModels.archive_3d_models 63:Trying to copy: ${KIPRJMOD}/packages3D/4-Pin Header - Female - 2.54mm.step
03-14 14:45:04 com_github_MitjaNemec_Archive3DModels.archive_3d_models 150:Remapping: ${KIPRJMOD}/packages3D/4-Pin Header - Female - 2.54mm.step
03-14 14:45:04 com_github_MitjaNemec_Archive3DModels.archive_3d_models 51:Getting 3D models for footprint of: KR1
03-14 14:45:04 com_github_MitjaNemec_Archive3DModels.archive_3d_models 63:Trying to copy: ${KIPRJMOD}/packages3D/Crystal_SMD_HC49-SD.wrl
03-14 14:45:04 com_github_MitjaNemec_Archive3DModels.archive_3d_models 150:Remapping: ${KIPRJMOD}/packages3D/Crystal_SMD_HC49-SD.wrl
03-14 14:45:04 com_github_MitjaNemec_Archive3DModels.archive_3d_models 51:Getting 3D models for footprint of: J2
03-14 14:45:04 com_github_MitjaNemec_Archive3DModels.archive_3d_models 63:Trying to copy: ${KIPRJMOD}/packages3D/PinHeader_1x05_P2.54mm_Vertical.wrl
03-14 14:45:04 com_github_MitjaNemec_Archive3DModels.archive_3d_models 150:Remapping: ${KIPRJMOD}/packages3D/PinHeader_1x05_P2.54mm_Vertical.wrl
03-14 14:45:04 com_github_MitjaNemec_Archive3DModels.archive_3d_models 63:Trying to copy: ${KIPRJMOD}/packages3D/5-Pin Header - Female - 2.54mm.step
03-14 14:45:04 com_github_MitjaNemec_Archive3DModels.archive_3d_models 150:Remapping: ${KIPRJMOD}/packages3D/5-Pin Header - Female - 2.54mm.step
03-14 14:45:04 com_github_MitjaNemec_Archive3DModels.archive_3d_models 51:Getting 3D models for footprint of: D1
03-14 14:45:04 com_github_MitjaNemec_Archive3DModels.archive_3d_models 63:Trying to copy: ${KIPRJMOD}/packages3D/D_SMP_DO-220AA.wrl
03-14 14:45:04 com_github_MitjaNemec_Archive3DModels.archive_3d_models 150:Remapping: ${KIPRJMOD}/packages3D/D_SMP_DO-220AA.wrl
03-14 14:45:04 com_github_MitjaNemec_Archive3DModels.archive_3d_models 51:Getting 3D models for footprint of: R8
03-14 14:45:04 com_github_MitjaNemec_Archive3DModels.archive_3d_models 63:Trying to copy: ${KIPRJMOD}/packages3D/R_1206_3216Metric.wrl
03-14 14:45:04 com_github_MitjaNemec_Archive3DModels.archive_3d_models 150:Remapping: ${KIPRJMOD}/packages3D/R_1206_3216Metric.wrl
03-14 14:45:04 com_github_MitjaNemec_Archive3DModels.archive_3d_models 51:Getting 3D models for footprint of: G***
03-14 14:45:04 com_github_MitjaNemec_Archive3DModels.archive_3d_models 51:Getting 3D models for footprint of: C5
03-14 14:45:04 com_github_MitjaNemec_Archive3DModels.archive_3d_models 63:Trying to copy: ${KIPRJMOD}/packages3D/C_0805_2012Metric.wrl
03-14 14:45:04 com_github_MitjaNemec_Archive3DModels.archive_3d_models 150:Remapping: ${KIPRJMOD}/packages3D/C_0805_2012Metric.wrl
03-14 14:45:04 com_github_MitjaNemec_Archive3DModels.archive_3d_models 51:Getting 3D models for footprint of: R6
03-14 14:45:04 com_github_MitjaNemec_Archive3DModels.archive_3d_models 63:Trying to copy: ${KIPRJMOD}/packages3D/R_1206_3216Metric.wrl
03-14 14:45:04 com_github_MitjaNemec_Archive3DModels.archive_3d_models 150:Remapping: ${KIPRJMOD}/packages3D/R_1206_3216Metric.wrl
03-14 14:45:04 com_github_MitjaNemec_Archive3DModels.archive_3d_models 51:Getting 3D models for footprint of: USBC1
03-14 14:45:04 com_github_MitjaNemec_Archive3DModels.archive_3d_models 63:Trying to copy: ${KIPRJMOD}/packages3D/USB4105GFA.STEP
03-14 14:45:04 com_github_MitjaNemec_Archive3DModels.archive_3d_models 150:Remapping: ${KIPRJMOD}/packages3D/USB4105GFA.STEP
03-14 14:45:04 com_github_MitjaNemec_Archive3DModels.archive_3d_models 51:Getting 3D models for footprint of: R1
03-14 14:45:04 com_github_MitjaNemec_Archive3DModels.archive_3d_models 63:Trying to copy: ${KIPRJMOD}/packages3D/R_1206_3216Metric.wrl
03-14 14:45:04 com_github_MitjaNemec_Archive3DModels.archive_3d_models 150:Remapping: ${KIPRJMOD}/packages3D/R_1206_3216Metric.wrl
03-14 14:45:04 com_github_MitjaNemec_Archive3DModels.archive_3d_models 51:Getting 3D models for footprint of: J7
03-14 14:45:04 com_github_MitjaNemec_Archive3DModels.archive_3d_models 63:Trying to copy: ${KIPRJMOD}/packages3D/PinHeader_1x04_P2.54mm_Vertical.wrl
03-14 14:45:04 com_github_MitjaNemec_Archive3DModels.archive_3d_models 150:Remapping: ${KIPRJMOD}/packages3D/PinHeader_1x04_P2.54mm_Vertical.wrl
03-14 14:45:04 com_github_MitjaNemec_Archive3DModels.archive_3d_models 63:Trying to copy: ${KIPRJMOD}/packages3D/4-Pin Header - Female - 2.54mm.step
03-14 14:45:04 com_github_MitjaNemec_Archive3DModels.archive_3d_models 150:Remapping: ${KIPRJMOD}/packages3D/4-Pin Header - Female - 2.54mm.step
03-14 14:45:04 com_github_MitjaNemec_Archive3DModels.archive_3d_models 51:Getting 3D models for footprint of: REF**
03-14 14:45:04 com_github_MitjaNemec_Archive3DModels.archive_3d_models 51:Getting 3D models for footprint of: REF**
03-14 14:45:04 com_github_MitjaNemec_Archive3DModels.archive_3d_models 51:Getting 3D models for footprint of: R7
03-14 14:45:04 com_github_MitjaNemec_Archive3DModels.archive_3d_models 63:Trying to copy: ${KIPRJMOD}/packages3D/R_1206_3216Metric.wrl
03-14 14:45:04 com_github_MitjaNemec_Archive3DModels.archive_3d_models 150:Remapping: ${KIPRJMOD}/packages3D/R_1206_3216Metric.wrl
03-14 14:45:04 com_github_MitjaNemec_Archive3DModels.archive_3d_models 51:Getting 3D models for footprint of: R5
03-14 14:45:04 com_github_MitjaNemec_Archive3DModels.archive_3d_models 63:Trying to copy: ${KIPRJMOD}/packages3D/R_1206_3216Metric.wrl
03-14 14:45:04 com_github_MitjaNemec_Archive3DModels.archive_3d_models 150:Remapping: ${KIPRJMOD}/packages3D/R_1206_3216Metric.wrl
03-14 14:45:04 com_github_MitjaNemec_Archive3DModels.archive_3d_models 51:Getting 3D models for footprint of: REF**
03-14 14:45:04 com_github_MitjaNemec_Archive3DModels.archive_3d_models 51:Getting 3D models for footprint of: J10
03-14 14:45:04 com_github_MitjaNemec_Archive3DModels.archive_3d_models 63:Trying to copy: ${KIPRJMOD}/packages3D/PinHeader_1x03_P2.54mm_Vertical.wrl
03-14 14:45:04 com_github_MitjaNemec_Archive3DModels.archive_3d_models 150:Remapping: ${KIPRJMOD}/packages3D/PinHeader_1x03_P2.54mm_Vertical.wrl
03-14 14:45:04 com_github_MitjaNemec_Archive3DModels.archive_3d_models 63:Trying to copy: ${KIPRJMOD}/packages3D/3-Pin Header - Female - 2.54mm.step
03-14 14:45:04 com_github_MitjaNemec_Archive3DModels.archive_3d_models 150:Remapping: ${KIPRJMOD}/packages3D/3-Pin Header - Female - 2.54mm.step
03-14 14:45:04 com_github_MitjaNemec_Archive3DModels.archive_3d_models 51:Getting 3D models for footprint of: C7
03-14 14:45:04 com_github_MitjaNemec_Archive3DModels.archive_3d_models 63:Trying to copy: ${KIPRJMOD}/packages3D/CP_EIA-3216-18_Kemet-A.wrl
03-14 14:45:04 com_github_MitjaNemec_Archive3DModels.archive_3d_models 150:Remapping: ${KIPRJMOD}/packages3D/CP_EIA-3216-18_Kemet-A.wrl
03-14 14:45:04 com_github_MitjaNemec_Archive3DModels.archive_3d_models 51:Getting 3D models for footprint of: J1
03-14 14:45:04 com_github_MitjaNemec_Archive3DModels.archive_3d_models 63:Trying to copy: ${KIPRJMOD}/packages3D/PinHeader_2X1_right.stp
03-14 14:45:04 com_github_MitjaNemec_Archive3DModels.archive_3d_models 150:Remapping: ${KIPRJMOD}/packages3D/PinHeader_2X1_right.stp
03-14 14:45:04 com_github_MitjaNemec_Archive3DModels.archive_3d_models 51:Getting 3D models for footprint of: L2
03-14 14:45:04 com_github_MitjaNemec_Archive3DModels.archive_3d_models 63:Trying to copy: ${KIPRJMOD}/packages3D/LED_0805_2012Metric.wrl
03-14 14:45:04 com_github_MitjaNemec_Archive3DModels.archive_3d_models 150:Remapping: ${KIPRJMOD}/packages3D/LED_0805_2012Metric.wrl
03-14 14:45:04 com_github_MitjaNemec_Archive3DModels.archive_3d_models 51:Getting 3D models for footprint of: C4
03-14 14:45:04 com_github_MitjaNemec_Archive3DModels.archive_3d_models 63:Trying to copy: ${KIPRJMOD}/packages3D/C_0805_2012Metric.wrl
03-14 14:45:04 com_github_MitjaNemec_Archive3DModels.archive_3d_models 150:Remapping: ${KIPRJMOD}/packages3D/C_0805_2012Metric.wrl
03-14 14:45:04 com_github_MitjaNemec_Archive3DModels.archive_3d_models 51:Getting 3D models for footprint of: C6
03-14 14:45:04 com_github_MitjaNemec_Archive3DModels.archive_3d_models 63:Trying to copy: ${KIPRJMOD}/packages3D/C_0805_2012Metric.wrl
03-14 14:45:04 com_github_MitjaNemec_Archive3DModels.archive_3d_models 150:Remapping: ${KIPRJMOD}/packages3D/C_0805_2012Metric.wrl
03-14 14:45:04 com_github_MitjaNemec_Archive3DModels.archive_3d_models 51:Getting 3D models for footprint of: J6
03-14 14:45:04 com_github_MitjaNemec_Archive3DModels.archive_3d_models 63:Trying to copy: ${KIPRJMOD}/packages3D/PinHeader_1x03_P2.54mm_Vertical.wrl
03-14 14:45:04 com_github_MitjaNemec_Archive3DModels.archive_3d_models 150:Remapping: ${KIPRJMOD}/packages3D/PinHeader_1x03_P2.54mm_Vertical.wrl
03-14 14:45:04 com_github_MitjaNemec_Archive3DModels.archive_3d_models 51:Getting 3D models for footprint of: R9
03-14 14:45:04 com_github_MitjaNemec_Archive3DModels.archive_3d_models 63:Trying to copy: ${KIPRJMOD}/packages3D/R_1206_3216Metric.wrl
03-14 14:45:04 com_github_MitjaNemec_Archive3DModels.archive_3d_models 150:Remapping: ${KIPRJMOD}/packages3D/R_1206_3216Metric.wrl
03-14 14:45:04 com_github_MitjaNemec_Archive3DModels.archive_3d_models 51:Getting 3D models for footprint of: R4
03-14 14:45:04 com_github_MitjaNemec_Archive3DModels.archive_3d_models 63:Trying to copy: ${KIPRJMOD}/packages3D/R_1206_3216Metric.wrl
03-14 14:45:04 com_github_MitjaNemec_Archive3DModels.archive_3d_models 150:Remapping: ${KIPRJMOD}/packages3D/R_1206_3216Metric.wrl
03-14 14:45:04 com_github_MitjaNemec_Archive3DModels.archive_3d_models 51:Getting 3D models for footprint of: L1
03-14 14:45:04 com_github_MitjaNemec_Archive3DModels.archive_3d_models 63:Trying to copy: ${KIPRJMOD}/packages3D/LED_0805_2012Metric.wrl
03-14 14:45:04 com_github_MitjaNemec_Archive3DModels.archive_3d_models 150:Remapping: ${KIPRJMOD}/packages3D/LED_0805_2012Metric.wrl
03-14 14:45:04 com_github_MitjaNemec_Archive3DModels.archive_3d_models 51:Getting 3D models for footprint of: TACTIL_SWITCH2
03-14 14:45:04 com_github_MitjaNemec_Archive3DModels.archive_3d_models 63:Trying to copy: ${KIPRJMOD}/packages3D/Tactal Switch - SMD 6x6x6.stp
03-14 14:45:04 com_github_MitjaNemec_Archive3DModels.archive_3d_models 150:Remapping: ${KIPRJMOD}/packages3D/Tactal Switch - SMD 6x6x6.stp
03-14 14:45:04 com_github_MitjaNemec_Archive3DModels.archive_3d_models 51:Getting 3D models for footprint of: R2
03-14 14:45:04 com_github_MitjaNemec_Archive3DModels.archive_3d_models 63:Trying to copy: ${KIPRJMOD}/packages3D/R_1206_3216Metric.wrl
03-14 14:45:04 com_github_MitjaNemec_Archive3DModels.archive_3d_models 150:Remapping: ${KIPRJMOD}/packages3D/R_1206_3216Metric.wrl
03-14 14:45:04 com_github_MitjaNemec_Archive3DModels.archive_3d_models 51:Getting 3D models for footprint of: U2
03-14 14:45:04 com_github_MitjaNemec_Archive3DModels.archive_3d_models 63:Trying to copy: ${KIPRJMOD}/packages3D/SOT-223.wrl
03-14 14:45:04 com_github_MitjaNemec_Archive3DModels.archive_3d_models 150:Remapping: ${KIPRJMOD}/packages3D/SOT-223.wrl
03-14 14:45:04 com_github_MitjaNemec_Archive3DModels.archive_3d_models 51:Getting 3D models for footprint of: C8
03-14 14:45:04 com_github_MitjaNemec_Archive3DModels.archive_3d_models 63:Trying to copy: ${KIPRJMOD}/packages3D/CP_EIA-3216-18_Kemet-A.wrl
03-14 14:45:04 com_github_MitjaNemec_Archive3DModels.archive_3d_models 150:Remapping: ${KIPRJMOD}/packages3D/CP_EIA-3216-18_Kemet-A.wrl
